[2012-08-10 01:33:22] request.ERROR: Symfony\Component\HttpKernel\Exception\NotFoundHttpException: No route found for "GET /" (uncaught exception) at E:\Work\XSolve\vendor\symfony\symfony\src\Symfony\Component\HttpKernel\EventListener\RouterListener.php line 92 [] []
[2012-08-10 01:33:50] request.ERROR: Symfony\Component\HttpKernel\Exception\NotFoundHttpException: No route found for "GET /index.php" (uncaught exception) at E:\Work\XSolve\vendor\symfony\symfony\src\Symfony\Component\HttpKernel\EventListener\RouterListener.php line 92 [] []
[2012-08-10 01:34:00] request.ERROR: Symfony\Component\HttpKernel\Exception\NotFoundHttpException: No route found for "GET /" (uncaught exception) at E:\Work\XSolve\app\cache\prod\classes.php line 5158 [] []
[2012-08-10 01:45:17] request.ERROR: Symfony\Component\HttpKernel\Exception\NotFoundHttpException: No route found for "GET /" (uncaught exception) at E:\Work\XSolve\app\cache\prod\classes.php line 5158 [] []
[2012-08-10 01:45:19] request.ERROR: Symfony\Component\HttpKernel\Exception\NotFoundHttpException: No route found for "GET /" (uncaught exception) at E:\Work\XSolve\app\cache\prod\classes.php line 5158 [] []
[2012-08-10 15:32:29] request.ERROR: Symfony\Component\HttpKernel\Exception\NotFoundHttpException: No route found for "GET /" (uncaught exception) at E:\Work\XSolve\app\cache\prod\classes.php line 5158 [] []
[2012-08-10 15:32:46] request.ERROR: Symfony\Component\HttpKernel\Exception\NotFoundHttpException: No route found for "GET /" (uncaught exception) at E:\Work\XSolve\app\cache\prod\classes.php line 5158 [] []
[2012-08-10 15:33:33] request.ERROR: Symfony\Component\HttpKernel\Exception\NotFoundHttpException: No route found for "GET /" (uncaught exception) at E:\Work\XSolve\app\cache\prod\classes.php line 5158 [] []
[2012-08-10 15:37:13] request.INFO: Matched route "xesenix_xsolve_rssfeed_default_index" (parameters: "_controller": "Xesenix\XSolve\RssFeedBundle\Controller\DefaultController::indexAction", "_route": "xesenix_xsolve_rssfeed_default_index") [] []
[2012-08-10 15:37:13] request.CRITICAL: Symfony\Component\DependencyInjection\Exception\ServiceNotFoundException: You have requested a non-existent service "xesenix_xsolve.feed". (uncaught exception) at E:\Work\XSolve\app\bootstrap.php.cache line 221 [] []
[2012-08-10 15:40:10] request.INFO: Matched route "xesenix_xsolve_rssfeed_default_index" (parameters: "_controller": "Xesenix\XSolve\RssFeedBundle\Controller\DefaultController::indexAction", "_route": "xesenix_xsolve_rssfeed_default_index") [] []
[2012-08-10 15:40:10] request.CRITICAL: Symfony\Component\DependencyInjection\Exception\ServiceNotFoundException: You have requested a non-existent service "xesenix_xsolve.feed". (uncaught exception) at E:\Work\XSolve\app\bootstrap.php.cache line 221 [] []
[2012-08-10 15:40:11] request.INFO: Matched route "xesenix_xsolve_rssfeed_default_index" (parameters: "_controller": "Xesenix\XSolve\RssFeedBundle\Controller\DefaultController::indexAction", "_route": "xesenix_xsolve_rssfeed_default_index") [] []
[2012-08-10 15:40:11] request.CRITICAL: Symfony\Component\DependencyInjection\Exception\ServiceNotFoundException: You have requested a non-existent service "xesenix_xsolve.feed". (uncaught exception) at E:\Work\XSolve\app\bootstrap.php.cache line 221 [] []
[2012-08-10 15:40:12] request.INFO: Matched route "xesenix_xsolve_rssfeed_default_index" (parameters: "_controller": "Xesenix\XSolve\RssFeedBundle\Controller\DefaultController::indexAction", "_route": "xesenix_xsolve_rssfeed_default_index") [] []
[2012-08-10 15:40:12] request.CRITICAL: Symfony\Component\DependencyInjection\Exception\ServiceNotFoundException: You have requested a non-existent service "xesenix_xsolve.feed". (uncaught exception) at E:\Work\XSolve\app\bootstrap.php.cache line 221 [] []
[2012-08-10 15:40:12] request.INFO: Matched route "xesenix_xsolve_rssfeed_default_index" (parameters: "_controller": "Xesenix\XSolve\RssFeedBundle\Controller\DefaultController::indexAction", "_route": "xesenix_xsolve_rssfeed_default_index") [] []
[2012-08-10 15:40:12] request.CRITICAL: Symfony\Component\DependencyInjection\Exception\ServiceNotFoundException: You have requested a non-existent service "xesenix_xsolve.feed". (uncaught exception) at E:\Work\XSolve\app\bootstrap.php.cache line 221 [] []
[2012-08-10 15:40:12] request.INFO: Matched route "xesenix_xsolve_rssfeed_default_index" (parameters: "_controller": "Xesenix\XSolve\RssFeedBundle\Controller\DefaultController::indexAction", "_route": "xesenix_xsolve_rssfeed_default_index") [] []
[2012-08-10 15:40:12] request.CRITICAL: Symfony\Component\DependencyInjection\Exception\ServiceNotFoundException: You have requested a non-existent service "xesenix_xsolve.feed". (uncaught exception) at E:\Work\XSolve\app\bootstrap.php.cache line 221 [] []
[2012-08-10 15:40:12] request.INFO: Matched route "xesenix_xsolve_rssfeed_default_index" (parameters: "_controller": "Xesenix\XSolve\RssFeedBundle\Controller\DefaultController::indexAction", "_route": "xesenix_xsolve_rssfeed_default_index") [] []
[2012-08-10 15:40:12] request.CRITICAL: Symfony\Component\DependencyInjection\Exception\ServiceNotFoundException: You have requested a non-existent service "xesenix_xsolve.feed". (uncaught exception) at E:\Work\XSolve\app\bootstrap.php.cache line 221 [] []
[2012-08-10 15:40:12] request.INFO: Matched route "xesenix_xsolve_rssfeed_default_index" (parameters: "_controller": "Xesenix\XSolve\RssFeedBundle\Controller\DefaultController::indexAction", "_route": "xesenix_xsolve_rssfeed_default_index") [] []
[2012-08-10 15:40:12] request.CRITICAL: Symfony\Component\DependencyInjection\Exception\ServiceNotFoundException: You have requested a non-existent service "xesenix_xsolve.feed". (uncaught exception) at E:\Work\XSolve\app\bootstrap.php.cache line 221 [] []
[2012-08-10 16:33:47] request.ERROR: Symfony\Component\HttpKernel\Exception\NotFoundHttpException: No route found for "GET /_controller/css/rss.css" (uncaught exception) at E:\Work\XSolve\vendor\symfony\symfony\src\Symfony\Component\HttpKernel\EventListener\RouterListener.php line 92 [] []
